<?xml version="1.0" encoding="UTF-8"?>
<!-- Generated by org.testng.reporters.JUnitReportReporter -->
<testsuite hostname="Mukeshs-MacBook-Air-2.local" failures="0" tests="3" name="jan21_testng.ParallelExecution2" time="45.297" errors="0" timestamp="2023-01-21T09:16:10 IST" skipped="0">
  <testcase classname="jan21_testng.ParallelExecution2" name="test1" time="14.190"/>
  <system-out/>
  <testcase classname="jan21_testng.ParallelExecution2" name="test2" time="13.911"/>
  <system-out/>
  <testcase classname="jan21_testng.ParallelExecution2" name="test3" time="17.196"/>
  <system-out/>
</testsuite> <!-- jan21_testng.ParallelExecution2 -->
