<?xml version="1.0" encoding="UTF-8"?>
<!-- Generated by org.testng.reporters.JUnitReportReporter -->
<testsuite hostname="Mukeshs-MacBook-Air-2.local" failures="0" tests="3" name="jan15_seleniumgrid.MyFirstTestNG" time="0.003" errors="0" timestamp="2023-01-21T08:47:04 IST" skipped="0">
  <testcase classname="jan15_seleniumgrid.MyFirstTestNG" name="test3" time="0.001"/>
  <system-out/>
  <testcase classname="jan15_seleniumgrid.MyFirstTestNG" name="test1" time="0.001"/>
  <system-out/>
  <testcase classname="jan15_seleniumgrid.MyFirstTestNG" name="test2" time="0.001"/>
  <system-out/>
</testsuite> <!-- jan15_seleniumgrid.MyFirstTestNG -->
