<?xml version="1.0" encoding="UTF-8"?>
<!-- Generated by org.testng.reporters.JUnitReportReporter -->
<testsuite hostname="Mukeshs-MacBook-Air-2.local" failures="0" tests="8" name="jan23_ddtviaexcel.SampleTestDDT" time="0.034" errors="0" timestamp="2023-01-28T08:48:39 IST" skipped="0">
  <testcase classname="jan23_ddtviaexcel.SampleTestDDT" name="sample" time="0.012"/>
  <system-out/>
  <testcase classname="jan23_ddtviaexcel.SampleTestDDT" name="sample" time="0.002"/>
  <system-out/>
  <testcase classname="jan23_ddtviaexcel.SampleTestDDT" name="sample" time="0.002"/>
  <system-out/>
  <testcase classname="jan23_ddtviaexcel.SampleTestDDT" name="sample" time="0.002"/>
  <system-out/>
  <testcase classname="jan23_ddtviaexcel.SampleTestDDT" name="sample" time="0.002"/>
  <system-out/>
  <testcase classname="jan23_ddtviaexcel.SampleTestDDT" name="sample" time="0.002"/>
  <system-out/>
  <testcase classname="jan23_ddtviaexcel.SampleTestDDT" name="sample" time="0.011"/>
  <system-out/>
  <testcase classname="jan23_ddtviaexcel.SampleTestDDT" name="sample" time="0.001"/>
  <system-out/>
</testsuite> <!-- jan23_ddtviaexcel.SampleTestDDT -->
