<?xml version="1.0" encoding="UTF-8"?>
<!-- Generated by org.testng.reporters.JUnitReportReporter -->
<testsuite hostname="Mukeshs-MacBook-Air-2.local" failures="0" tests="1" name="jan22_ddt_crossbrowser.ReadExcel2" time="0.856" errors="0" timestamp="2023-01-22T09:56:03 IST" skipped="0">
  <testcase classname="jan22_ddt_crossbrowser.ReadExcel2" name="readExcel" time="0.856"/>
  <system-out/>
</testsuite> <!-- jan22_ddt_crossbrowser.ReadExcel2 -->
