<?xml version="1.0" encoding="UTF-8"?>
<!-- Generated by org.testng.reporters.JUnitReportReporter -->
<testsuite hostname="Mukeshs-MacBook-Air-2.local" failures="0" tests="3" name="jan22_ddt_crossbrowser.CrossBrowserTesting" time="30.310" errors="0" timestamp="2023-01-22T08:15:49 IST" skipped="0">
  <testcase classname="jan22_ddt_crossbrowser.CrossBrowserTesting" name="login" time="3.722"/>
  <system-out>
    <![CDATA[Google]]>
  </system-out>
  <testcase classname="jan22_ddt_crossbrowser.CrossBrowserTesting" name="login" time="8.070"/>
  <system-out>
    <![CDATA[Google]]>
  </system-out>
  <testcase classname="jan22_ddt_crossbrowser.CrossBrowserTesting" name="login" time="18.518"/>
  <system-out>
    <![CDATA[Google]]>
  </system-out>
</testsuite> <!-- jan22_ddt_crossbrowser.CrossBrowserTesting -->
