<?xml version="1.0" encoding="UTF-8"?>
<!-- Generated by org.testng.reporters.JUnitReportReporter -->
<testsuite hostname="Mukeshs-MacBook-Air-2.local" failures="0" tests="1" name="jan23_ddtviaexcel.ReadingConfiguration" time="0.010" errors="0" timestamp="2023-01-28T09:21:32 IST" skipped="0">
  <testcase classname="jan23_ddtviaexcel.ReadingConfiguration" name="readConfig" time="0.010"/>
  <system-out/>
</testsuite> <!-- jan23_ddtviaexcel.ReadingConfiguration -->
