<?xml version="1.0" encoding="UTF-8"?>
<!-- Generated by org.testng.reporters.JUnitReportReporter -->
<testsuite hostname="Mukeshs-MacBook-Air-2.local" failures="0" tests="4" name="jan15_seleniumgrid.SeleniumWithTestNG" time="12.695" errors="0" timestamp="2023-01-21T09:16:10 IST" skipped="0">
  <testcase classname="jan15_seleniumgrid.SeleniumWithTestNG" name="startBrowser" time="12.376"/>
  <system-out/>
  <testcase classname="jan15_seleniumgrid.SeleniumWithTestNG" name="verifyURL" time="0.177"/>
  <system-out/>
  <testcase classname="jan15_seleniumgrid.SeleniumWithTestNG" name="verifyTitle" time="0.016"/>
  <system-out/>
  <testcase classname="jan15_seleniumgrid.SeleniumWithTestNG" name="closeBrowser" time="0.126"/>
  <system-out/>
</testsuite> <!-- jan15_seleniumgrid.SeleniumWithTestNG -->
