<?xml version="1.0" encoding="UTF-8"?>
<!-- Generated by org.testng.reporters.JUnitReportReporter -->
<testsuite hostname="Mukeshs-MacBook-Air-2.local" failures="0" tests="8" name="jan28_ddtviaexcel.SampleTestDDT2" time="0.032" errors="0" timestamp="2023-01-29T10:24:49 IST" skipped="0">
  <testcase classname="jan28_ddtviaexcel.SampleTestDDT2" name="sample" time="0.001"/>
  <system-out/>
  <testcase classname="jan28_ddtviaexcel.SampleTestDDT2" name="sample" time="0.002"/>
  <system-out/>
  <testcase classname="jan28_ddtviaexcel.SampleTestDDT2" name="sample" time="0.003"/>
  <system-out/>
  <testcase classname="jan28_ddtviaexcel.SampleTestDDT2" name="sample" time="0.003"/>
  <system-out/>
  <testcase classname="jan28_ddtviaexcel.SampleTestDDT2" name="sample" time="0.012"/>
  <system-out/>
  <testcase classname="jan28_ddtviaexcel.SampleTestDDT2" name="sample" time="0.009"/>
  <system-out/>
  <testcase classname="jan28_ddtviaexcel.SampleTestDDT2" name="sample" time="0.001"/>
  <system-out/>
  <testcase classname="jan28_ddtviaexcel.SampleTestDDT2" name="sample" time="0.001"/>
  <system-out/>
</testsuite> <!-- jan28_ddtviaexcel.SampleTestDDT2 -->
