<?xml version="1.0" encoding="UTF-8"?>
<!-- Generated by org.testng.reporters.JUnitReportReporter -->
<testsuite hostname="Mukeshs-MacBook-Air-2.local" failures="0" tests="4" name="jan15_seleniumgrid.MyFirstTestNG2" time="0.018" errors="0" timestamp="2023-01-21T08:47:04 IST" skipped="0">
  <testcase classname="jan15_seleniumgrid.MyFirstTestNG2" name="logoutFromApp" time="0.014"/>
  <system-out/>
  <testcase classname="jan15_seleniumgrid.MyFirstTestNG2" name="makePayment" time="0.002"/>
  <system-out/>
  <testcase classname="jan15_seleniumgrid.MyFirstTestNG2" name="login" time="0.001"/>
  <system-out/>
  <testcase classname="jan15_seleniumgrid.MyFirstTestNG2" name="createAccount" time="0.001"/>
  <system-out/>
</testsuite> <!-- jan15_seleniumgrid.MyFirstTestNG2 -->
