<?xml version="1.0" encoding="UTF-8"?>
<!-- Generated by org.testng.reporters.JUnitReportReporter -->
<testsuite hostname="Mukeshs-MacBook-Air-2.local" failures="0" tests="8" name="jan23_ddtviaexcel.SampleTestDDT2" time="0.026" errors="0" timestamp="2023-01-28T09:02:47 IST" skipped="0">
  <testcase classname="jan23_ddtviaexcel.SampleTestDDT2" name="sample" time="0.010"/>
  <system-out/>
  <testcase classname="jan23_ddtviaexcel.SampleTestDDT2" name="sample" time="0.001"/>
  <system-out/>
  <testcase classname="jan23_ddtviaexcel.SampleTestDDT2" name="sample" time="0.002"/>
  <system-out/>
  <testcase classname="jan23_ddtviaexcel.SampleTestDDT2" name="sample" time="0.001"/>
  <system-out/>
  <testcase classname="jan23_ddtviaexcel.SampleTestDDT2" name="sample" time="0.001"/>
  <system-out/>
  <testcase classname="jan23_ddtviaexcel.SampleTestDDT2" name="sample" time="0.001"/>
  <system-out/>
  <testcase classname="jan23_ddtviaexcel.SampleTestDDT2" name="sample" time="0.004"/>
  <system-out/>
  <testcase classname="jan23_ddtviaexcel.SampleTestDDT2" name="sample" time="0.006"/>
  <system-out/>
</testsuite> <!-- jan23_ddtviaexcel.SampleTestDDT2 -->
