<?xml version="1.0" encoding="UTF-8"?>
<!-- Generated by org.testng.reporters.JUnitReportReporter -->
<testsuite hostname="Mukeshs-MacBook-Air-2.local" failures="0" tests="3" name="jan21_testng.ParallelExecution" time="0.024" errors="0" timestamp="2023-01-21T09:16:10 IST" skipped="0">
  <testcase classname="jan21_testng.ParallelExecution" name="test1" time="0.021"/>
  <system-out>
    <![CDATA[test 1 executed]]>
  </system-out>
  <testcase classname="jan21_testng.ParallelExecution" name="test2" time="0.001"/>
  <system-out>
    <![CDATA[test 2 executed]]>
  </system-out>
  <testcase classname="jan21_testng.ParallelExecution" name="test3" time="0.002"/>
  <system-out>
    <![CDATA[test 3 executed]]>
  </system-out>
</testsuite> <!-- jan21_testng.ParallelExecution -->
